[1207/130241.680:ERROR:directory_reader_win.cc(43)] FindFirstFile: 지정된 경로를 찾을 수 없습니다. (0x3)
[1207/134239.650:ERROR:directory_reader_win.cc(43)] FindFirstFile: 지정된 경로를 찾을 수 없습니다. (0x3)
[1207/153102.975:ERROR:process_memory_win.cc(73)] ReadMemory at 0x2d8d69bd590 of 72 bytes failed: ReadProcessMemory 또는 WriteProcessMemory의 일부 작업만을 마쳤습니다. (0x12B)
[1207/153102.976:WARNING:pe_image_annotations_reader.cc(135)] could not read annotations list object in C:\Program Files (x86)\Google\Chrome\Application\86.0.4240.198\chrome_elf.dll
[1207/153102.976:ERROR:process_memory_win.cc(73)] ReadMemory at 0x2d8d69f3df0 of 72 bytes failed: ReadProcessMemory 또는 WriteProcessMemory의 일부 작업만을 마쳤습니다. (0x12B)
[1207/153102.976:WARNING:pe_image_annotations_reader.cc(135)] could not read annotations list object in C:\Program Files (x86)\Google\Chrome\Application\86.0.4240.198\chrome.dll
[1207/153102.977:ERROR:process_memory_win.cc(73)] ReadMemory at 0x7ff7aafe0000 of 64 bytes failed: ReadProcessMemory 또는 WriteProcessMemory의 일부 작업만을 마쳤습니다. (0x12B)
[1207/153102.978:WARNING:pe_image_reader.cc(340)] could not read dos header from C:\Program Files (x86)\Google\Chrome\Application\chrome.exe
[1207/153102.978:ERROR:process_memory_win.cc(73)] ReadMemory at 0x2d8d69bd590 of 72 bytes failed: ReadProcessMemory 또는 WriteProcessMemory의 일부 작업만을 마쳤습니다. (0x12B)
[1207/153102.978:WARNING:pe_image_annotations_reader.cc(135)] could not read annotations list object in C:\Program Files (x86)\Google\Chrome\Application\86.0.4240.198\chrome_elf.dll
[1207/153102.978:ERROR:process_memory_win.cc(73)] ReadMemory at 0x7ffeffa70000 of 64 bytes failed: ReadProcessMemory 또는 WriteProcessMemory의 일부 작업만을 마쳤습니다. (0x12B)
[1207/153102.978:WARNING:pe_image_reader.cc(340)] could not read dos header from C:\Program Files (x86)\Google\Chrome\Application\86.0.4240.198\chrome.dll
[1207/153103.013:ERROR:process_memory_win.cc(73)] ReadMemory at 0xfdacff3000 of 53248 bytes failed: ReadProcessMemory 또는 WriteProcessMemory의 일부 작업만을 마쳤습니다. (0x12B)
[1207/153103.014:ERROR:process_memory_win.cc(73)] ReadMemory at 0xfdad7fe000 of 8192 bytes failed: ReadProcessMemory 또는 WriteProcessMemory의 일부 작업만을 마쳤습니다. (0x12B)
[1207/153103.014:ERROR:process_memory_win.cc(73)] ReadMemory at 0xfdadffe000 of 8192 bytes failed: ReadProcessMemory 또는 WriteProcessMemory의 일부 작업만을 마쳤습니다. (0x12B)
[1207/153103.014:ERROR:process_memory_win.cc(73)] ReadMemory at 0xfdae7fe000 of 8192 bytes failed: ReadProcessMemory 또는 WriteProcessMemory의 일부 작업만을 마쳤습니다. (0x12B)
[1207/153103.014:ERROR:process_memory_win.cc(73)] ReadMemory at 0xfdaeffe000 of 8192 bytes failed: ReadProcessMemory 또는 WriteProcessMemory의 일부 작업만을 마쳤습니다. (0x12B)
[1207/153103.014:ERROR:process_memory_win.cc(73)] ReadMemory at 0xfdaf7fc000 of 16384 bytes failed: ReadProcessMemory 또는 WriteProcessMemory의 일부 작업만을 마쳤습니다. (0x12B)
[1207/153103.014:ERROR:process_memory_win.cc(73)] ReadMemory at 0xfdafffe000 of 8192 bytes failed: ReadProcessMemory 또는 WriteProcessMemory의 일부 작업만을 마쳤습니다. (0x12B)
[1207/153103.014:ERROR:process_memory_win.cc(73)] ReadMemory at 0xfdb07fe000 of 8192 bytes failed: ReadProcessMemory 또는 WriteProcessMemory의 일부 작업만을 마쳤습니다. (0x12B)
[1207/153103.014:ERROR:process_memory_win.cc(73)] ReadMemory at 0xfdb0ffe000 of 8192 bytes failed: ReadProcessMemory 또는 WriteProcessMemory의 일부 작업만을 마쳤습니다. (0x12B)
[1207/153103.014:ERROR:process_memory_win.cc(73)] ReadMemory at 0xfdb17fe000 of 8192 bytes failed: ReadProcessMemory 또는 WriteProcessMemory의 일부 작업만을 마쳤습니다. (0x12B)
[1207/153103.015:ERROR:process_memory_win.cc(73)] ReadMemory at 0xfdb1ffd000 of 12288 bytes failed: ReadProcessMemory 또는 WriteProcessMemory의 일부 작업만을 마쳤습니다. (0x12B)
[1207/153103.015:ERROR:process_memory_win.cc(73)] ReadMemory at 0xfdb27fe000 of 8192 bytes failed: ReadProcessMemory 또는 WriteProcessMemory의 일부 작업만을 마쳤습니다. (0x12B)
[1207/153103.015:ERROR:process_memory_win.cc(73)] ReadMemory at 0xfdb2ffd000 of 12288 bytes failed: ReadProcessMemory 또는 WriteProcessMemory의 일부 작업만을 마쳤습니다. (0x12B)
[1207/153103.305:ERROR:process_memory_win.cc(73)] ReadMemory at 0xfdb37fe000 of 8192 bytes failed: ReadProcessMemory 또는 WriteProcessMemory의 일부 작업만을 마쳤습니다. (0x12B)
[1207/153103.305:ERROR:process_memory_win.cc(73)] ReadMemory at 0xfdb3ffe000 of 8192 bytes failed: ReadProcessMemory 또는 WriteProcessMemory의 일부 작업만을 마쳤습니다. (0x12B)
[1207/153103.305:ERROR:process_memory_win.cc(73)] ReadMemory at 0xfdb47fe000 of 8192 bytes failed: ReadProcessMemory 또는 WriteProcessMemory의 일부 작업만을 마쳤습니다. (0x12B)
[1207/153103.305:ERROR:process_memory_win.cc(73)] ReadMemory at 0xfdac776000 of 852 bytes failed: ReadProcessMemory 또는 WriteProcessMemory의 일부 작업만을 마쳤습니다. (0x12B)
[1207/153103.306:ERROR:process_memory_win.cc(73)] ReadMemory at 0xfdac777000 of 6024 bytes failed: ReadProcessMemory 또는 WriteProcessMemory의 일부 작업만을 마쳤습니다. (0x12B)
[1207/153103.306:ERROR:process_memory_win.cc(73)] ReadMemory at 0xfdac779000 of 6024 bytes failed: ReadProcessMemory 또는 WriteProcessMemory의 일부 작업만을 마쳤습니다. (0x12B)
[1207/153103.306:ERROR:process_memory_win.cc(73)] ReadMemory at 0xfdac77b000 of 6024 bytes failed: ReadProcessMemory 또는 WriteProcessMemory의 일부 작업만을 마쳤습니다. (0x12B)
[1207/153103.306:ERROR:process_memory_win.cc(73)] ReadMemory at 0xfdac77d000 of 6024 bytes failed: ReadProcessMemory 또는 WriteProcessMemory의 일부 작업만을 마쳤습니다. (0x12B)
[1207/153103.306:ERROR:process_memory_win.cc(73)] ReadMemory at 0xfdac77f000 of 6024 bytes failed: ReadProcessMemory 또는 WriteProcessMemory의 일부 작업만을 마쳤습니다. (0x12B)
[1207/153103.306:ERROR:process_memory_win.cc(73)] ReadMemory at 0xfdac781000 of 6024 bytes failed: ReadProcessMemory 또는 WriteProcessMemory의 일부 작업만을 마쳤습니다. (0x12B)
[1207/153103.306:ERROR:process_memory_win.cc(73)] ReadMemory at 0xfdac783000 of 6024 bytes failed: ReadProcessMemory 또는 WriteProcessMemory의 일부 작업만을 마쳤습니다. (0x12B)
[1207/153103.306:ERROR:process_memory_win.cc(73)] ReadMemory at 0xfdac785000 of 6024 bytes failed: ReadProcessMemory 또는 WriteProcessMemory의 일부 작업만을 마쳤습니다. (0x12B)
[1207/153103.306:ERROR:process_memory_win.cc(73)] ReadMemory at 0xfdac787000 of 6024 bytes failed: ReadProcessMemory 또는 WriteProcessMemory의 일부 작업만을 마쳤습니다. (0x12B)
[1207/153103.306:ERROR:process_memory_win.cc(73)] ReadMemory at 0xfdac789000 of 6024 bytes failed: ReadProcessMemory 또는 WriteProcessMemory의 일부 작업만을 마쳤습니다. (0x12B)
[1207/153103.307:ERROR:process_memory_win.cc(73)] ReadMemory at 0xfdac78b000 of 6024 bytes failed: ReadProcessMemory 또는 WriteProcessMemory의 일부 작업만을 마쳤습니다. (0x12B)
[1207/153103.307:ERROR:process_memory_win.cc(73)] ReadMemory at 0xfdac78d000 of 6024 bytes failed: ReadProcessMemory 또는 WriteProcessMemory의 일부 작업만을 마쳤습니다. (0x12B)
[1207/153103.307:ERROR:process_memory_win.cc(73)] ReadMemory at 0xfdac78f000 of 6024 bytes failed: ReadProcessMemory 또는 WriteProcessMemory의 일부 작업만을 마쳤습니다. (0x12B)
[1207/153103.307:ERROR:process_memory_win.cc(73)] ReadMemory at 0xfdac791000 of 6024 bytes failed: ReadProcessMemory 또는 WriteProcessMemory의 일부 작업만을 마쳤습니다. (0x12B)
[1207/153103.307:ERROR:process_memory_win.cc(73)] ReadMemory at 0xfdac793000 of 6024 bytes failed: ReadProcessMemory 또는 WriteProcessMemory의 일부 작업만을 마쳤습니다. (0x12B)
[1207/153103.307:ERROR:process_memory_win.cc(73)] ReadMemory at 0xfdac795000 of 6024 bytes failed: ReadProcessMemory 또는 WriteProcessMemory의 일부 작업만을 마쳤습니다. (0x12B)
[1207/153103.307:ERROR:process_memory_win.cc(73)] ReadMemory at 0x2d8d69aff80 of 512 bytes failed: ReadProcessMemory 또는 WriteProcessMemory의 일부 작업만을 마쳤습니다. (0x12B)
[1207/153103.307:ERROR:process_memory_win.cc(73)] ReadMemory at 0x2d8d69b0fe0 of 3712 bytes failed: ReadProcessMemory 또는 WriteProcessMemory의 일부 작업만을 마쳤습니다. (0x12B)
[1207/153103.307:ERROR:process_memory_win.cc(73)] ReadMemory at 0x2d8d69b1e70 of 1012 bytes failed: ReadProcessMemory 또는 WriteProcessMemory의 일부 작업만을 마쳤습니다. (0x12B)
[1207/153103.307:ERROR:process_memory_win.cc(73)] ReadMemory at 0x2d8d69b24b8 of 118 bytes failed: ReadProcessMemory 또는 WriteProcessMemory의 일부 작업만을 마쳤습니다. (0x12B)
[1207/153103.308:ERROR:process_memory_win.cc(73)] ReadMemory at 0x2d8d69b2530 of 706 bytes failed: ReadProcessMemory 또는 WriteProcessMemory의 일부 작업만을 마쳤습니다. (0x12B)
[1207/153103.308:ERROR:process_memory_win.cc(73)] ReadMemory at 0x2d8d69b27f4 of 118 bytes failed: ReadProcessMemory 또는 WriteProcessMemory의 일부 작업만을 마쳤습니다. (0x12B)
[1207/153103.308:ERROR:process_memory_win.cc(73)] ReadMemory at 0x2d8d69b286c of 98 bytes failed: ReadProcessMemory 또는 WriteProcessMemory의 일부 작업만을 마쳤습니다. (0x12B)
[1207/153103.308:ERROR:process_memory_win.cc(73)] ReadMemory at 0x2d8d69b28e0 of 58 bytes failed: ReadProcessMemory 또는 WriteProcessMemory의 일부 작업만을 마쳤습니다. (0x12B)
[1207/153103.308:ERROR:process_memory_win.cc(73)] ReadMemory at 0x2d8d69b29e0 of 132 bytes failed: ReadProcessMemory 또는 WriteProcessMemory의 일부 작업만을 마쳤습니다. (0x12B)
[1207/153103.308:ERROR:process_memory_win.cc(73)] ReadMemory at 0x2d8d69b2b70 of 132 bytes failed: ReadProcessMemory 또는 WriteProcessMemory의 일부 작업만을 마쳤습니다. (0x12B)
[1207/153103.308:ERROR:process_memory_win.cc(73)] ReadMemory at 0x2d8d69b2d30 of 126 bytes failed: ReadProcessMemory 또는 WriteProcessMemory의 일부 작업만을 마쳤습니다. (0x12B)
[1207/153103.308:ERROR:process_memory_win.cc(73)] ReadMemory at 0x2d8d69b3230 of 132 bytes failed: ReadProcessMemory 또는 WriteProcessMemory의 일부 작업만을 마쳤습니다. (0x12B)
[1207/153103.308:ERROR:process_memory_win.cc(73)] ReadMemory at 0x2d8d69b33c0 of 64 bytes failed: ReadProcessMemory 또는 WriteProcessMemory의 일부 작업만을 마쳤습니다. (0x12B)
[1207/153103.309:ERROR:process_memory_win.cc(73)] ReadMemory at 0x2d8d69b3580 of 132 bytes failed: ReadProcessMemory 또는 WriteProcessMemory의 일부 작업만을 마쳤습니다. (0x12B)
[1207/153103.309:ERROR:process_memory_win.cc(73)] ReadMemory at 0x2d8d69b3820 of 132 bytes failed: ReadProcessMemory 또는 WriteProcessMemory의 일부 작업만을 마쳤습니다. (0x12B)
[1207/153103.309:ERROR:process_memory_win.cc(73)] ReadMemory at 0x2d8d69b39b0 of 68 bytes failed: ReadProcessMemory 또는 WriteProcessMemory의 일부 작업만을 마쳤습니다. (0x12B)
[1207/153103.309:ERROR:process_memory_win.cc(73)] ReadMemory at 0x2d8d69b4a00 of 132 bytes failed: ReadProcessMemory 또는 WriteProcessMemory의 일부 작업만을 마쳤습니다. (0x12B)
[1207/153103.309:ERROR:process_memory_win.cc(73)] ReadMemory at 0x2d8d69b4b90 of 154 bytes failed: ReadProcessMemory 또는 WriteProcessMemory의 일부 작업만을 마쳤습니다. (0x12B)
[1207/153103.309:ERROR:process_memory_win.cc(73)] ReadMemory at 0x2d8d69b58a0 of 132 bytes failed: ReadProcessMemory 또는 WriteProcessMemory의 일부 작업만을 마쳤습니다. (0x12B)
[1207/153103.309:ERROR:process_memory_win.cc(73)] ReadMemory at 0x2d8d69b5df0 of 60 bytes failed: ReadProcessMemory 또는 WriteProcessMemory의 일부 작업만을 마쳤습니다. (0x12B)
[1207/153103.309:ERROR:process_memory_win.cc(73)] ReadMemory at 0x2d8d69b5e80 of 62 bytes failed: ReadProcessMemory 또는 WriteProcessMemory의 일부 작업만을 마쳤습니다. (0x12B)
[1207/153103.309:ERROR:process_memory_win.cc(73)] ReadMemory at 0x2d8d69b8e10 of 54 bytes failed: ReadProcessMemory 또는 WriteProcessMemory의 일부 작업만을 마쳤습니다. (0x12B)
[1207/153103.309:ERROR:process_memory_win.cc(73)] ReadMemory at 0x2d8d69c06b0 of 76 bytes failed: ReadProcessMemory 또는 WriteProcessMemory의 일부 작업만을 마쳤습니다. (0x12B)
[1207/153103.309:ERROR:process_memory_win.cc(73)] ReadMemory at 0x2d8d69c09b0 of 80 bytes failed: ReadProcessMemory 또는 WriteProcessMemory의 일부 작업만을 마쳤습니다. (0x12B)
[1207/153103.309:ERROR:process_memory_win.cc(73)] ReadMemory at 0x2d8d69c0dd0 of 80 bytes failed: ReadProcessMemory 또는 WriteProcessMemory의 일부 작업만을 마쳤습니다. (0x12B)
[1207/153103.310:ERROR:process_memory_win.cc(73)] ReadMemory at 0x2d8d69c15c0 of 132 bytes failed: ReadProcessMemory 또는 WriteProcessMemory의 일부 작업만을 마쳤습니다. (0x12B)
[1207/153103.310:ERROR:process_memory_win.cc(73)] ReadMemory at 0x2d8d69c1910 of 132 bytes failed: ReadProcessMemory 또는 WriteProcessMemory의 일부 작업만을 마쳤습니다. (0x12B)
[1207/153103.310:ERROR:process_memory_win.cc(73)] ReadMemory at 0x2d8d69c39e0 of 132 bytes failed: ReadProcessMemory 또는 WriteProcessMemory의 일부 작업만을 마쳤습니다. (0x12B)
[1207/153103.310:ERROR:process_memory_win.cc(73)] ReadMemory at 0x2d8d69c3df0 of 132 bytes failed: ReadProcessMemory 또는 WriteProcessMemory의 일부 작업만을 마쳤습니다. (0x12B)
[1207/153103.310:ERROR:process_memory_win.cc(73)] ReadMemory at 0x2d8d69c4f80 of 132 bytes failed: ReadProcessMemory 또는 WriteProcessMemory의 일부 작업만을 마쳤습니다. (0x12B)
[1207/153103.310:ERROR:process_memory_win.cc(73)] ReadMemory at 0x2d8d69c51e0 of 132 bytes failed: ReadProcessMemory 또는 WriteProcessMemory의 일부 작업만을 마쳤습니다. (0x12B)
[1207/153103.310:ERROR:process_memory_win.cc(73)] ReadMemory at 0x2d8d69c5310 of 132 bytes failed: ReadProcessMemory 또는 WriteProcessMemory의 일부 작업만을 마쳤습니다. (0x12B)
[1207/153103.310:ERROR:process_memory_win.cc(73)] ReadMemory at 0x2d8d69c5440 of 132 bytes failed: ReadProcessMemory 또는 WriteProcessMemory의 일부 작업만을 마쳤습니다. (0x12B)
[1207/153103.310:ERROR:process_memory_win.cc(73)] ReadMemory at 0x2d8d69c5570 of 132 bytes failed: ReadProcessMemory 또는 WriteProcessMemory의 일부 작업만을 마쳤습니다. (0x12B)
[1207/153103.311:ERROR:process_memory_win.cc(73)] ReadMemory at 0x2d8d69c56a0 of 132 bytes failed: ReadProcessMemory 또는 WriteProcessMemory의 일부 작업만을 마쳤습니다. (0x12B)
[1207/153103.311:ERROR:process_memory_win.cc(73)] ReadMemory at 0x2d8d69c57d0 of 132 bytes failed: ReadProcessMemory 또는 WriteProcessMemory의 일부 작업만을 마쳤습니다. (0x12B)
[1207/153103.311:ERROR:process_memory_win.cc(73)] ReadMemory at 0x2d8d69c5900 of 132 bytes failed: ReadProcessMemory 또는 WriteProcessMemory의 일부 작업만을 마쳤습니다. (0x12B)
[1207/153103.311:ERROR:process_memory_win.cc(73)] ReadMemory at 0x2d8d69c5a30 of 132 bytes failed: ReadProcessMemory 또는 WriteProcessMemory의 일부 작업만을 마쳤습니다. (0x12B)
[1207/153103.311:ERROR:process_memory_win.cc(73)] ReadMemory at 0x2d8d69c5b60 of 132 bytes failed: ReadProcessMemory 또는 WriteProcessMemory의 일부 작업만을 마쳤습니다. (0x12B)
[1207/153103.311:ERROR:process_memory_win.cc(73)] ReadMemory at 0x2d8d69c5c90 of 132 bytes failed: ReadProcessMemory 또는 WriteProcessMemory의 일부 작업만을 마쳤습니다. (0x12B)
[1207/153103.311:ERROR:process_memory_win.cc(73)] ReadMemory at 0x2d8d69c5dc0 of 132 bytes failed: ReadProcessMemory 또는 WriteProcessMemory의 일부 작업만을 마쳤습니다. (0x12B)
[1207/153103.311:ERROR:process_memory_win.cc(73)] ReadMemory at 0x2d8d69c72d0 of 132 bytes failed: ReadProcessMemory 또는 WriteProcessMemory의 일부 작업만을 마쳤습니다. (0x12B)
[1207/153103.311:ERROR:process_memory_win.cc(73)] ReadMemory at 0x2d8d69c7400 of 132 bytes failed: ReadProcessMemory 또는 WriteProcessMemory의 일부 작업만을 마쳤습니다. (0x12B)
[1207/153103.312:ERROR:process_memory_win.cc(73)] ReadMemory at 0x2d8d69c7bd0 of 146 bytes failed: ReadProcessMemory 또는 WriteProcessMemory의 일부 작업만을 마쳤습니다. (0x12B)
[1207/153103.312:ERROR:process_memory_win.cc(73)] ReadMemory at 0x2d8d69c7cd0 of 62 bytes failed: ReadProcessMemory 또는 WriteProcessMemory의 일부 작업만을 마쳤습니다. (0x12B)
[1207/153103.312:ERROR:process_memory_win.cc(73)] ReadMemory at 0x2d8d69c7d20 of 60 bytes failed: ReadProcessMemory 또는 WriteProcessMemory의 일부 작업만을 마쳤습니다. (0x12B)
[1207/153103.312:ERROR:process_memory_win.cc(73)] ReadMemory at 0x2d8d69c7e10 of 66 bytes failed: ReadProcessMemory 또는 WriteProcessMemory의 일부 작업만을 마쳤습니다. (0x12B)
[1207/153103.312:ERROR:process_memory_win.cc(73)] ReadMemory at 0x2d8d69c7eb0 of 64 bytes failed: ReadProcessMemory 또는 WriteProcessMemory의 일부 작업만을 마쳤습니다. (0x12B)
[1207/153103.312:ERROR:process_memory_win.cc(73)] ReadMemory at 0x2d8d69c7f00 of 58 bytes failed: ReadProcessMemory 또는 WriteProcessMemory의 일부 작업만을 마쳤습니다. (0x12B)
[1207/153103.312:ERROR:process_memory_win.cc(73)] ReadMemory at 0x2d8d69c7f50 of 62 bytes failed: ReadProcessMemory 또는 WriteProcessMemory의 일부 작업만을 마쳤습니다. (0x12B)
[1207/153103.312:ERROR:process_memory_win.cc(73)] ReadMemory at 0x2d8d69c7ff0 of 66 bytes failed: ReadProcessMemory 또는 WriteProcessMemory의 일부 작업만을 마쳤습니다. (0x12B)
[1207/153103.313:ERROR:process_memory_win.cc(73)] ReadMemory at 0x2d8d69c81d0 of 64 bytes failed: ReadProcessMemory 또는 WriteProcessMemory의 일부 작업만을 마쳤습니다. (0x12B)
[1207/153103.313:ERROR:process_memory_win.cc(73)] ReadMemory at 0x2d8d69c8270 of 62 bytes failed: ReadProcessMemory 또는 WriteProcessMemory의 일부 작업만을 마쳤습니다. (0x12B)
[1207/153103.313:ERROR:process_memory_win.cc(73)] ReadMemory at 0x2d8d69c8360 of 64 bytes failed: ReadProcessMemory 또는 WriteProcessMemory의 일부 작업만을 마쳤습니다. (0x12B)
[1207/153103.313:ERROR:process_memory_win.cc(73)] ReadMemory at 0x2d8d69c83b0 of 62 bytes failed: ReadProcessMemory 또는 WriteProcessMemory의 일부 작업만을 마쳤습니다. (0x12B)
[1207/153103.313:ERROR:process_memory_win.cc(73)] ReadMemory at 0x2d8d69c8400 of 62 bytes failed: ReadProcessMemory 또는 WriteProcessMemory의 일부 작업만을 마쳤습니다. (0x12B)
[1207/153103.313:ERROR:process_memory_win.cc(73)] ReadMemory at 0x2d8d69c84a0 of 64 bytes failed: ReadProcessMemory 또는 WriteProcessMemory의 일부 작업만을 마쳤습니다. (0x12B)
[1207/153103.313:ERROR:process_memory_win.cc(73)] ReadMemory at 0x2d8d69c84f0 of 64 bytes failed: ReadProcessMemory 또는 WriteProcessMemory의 일부 작업만을 마쳤습니다. (0x12B)
[1207/153103.313:ERROR:process_memory_win.cc(73)] ReadMemory at 0x2d8d69c8540 of 62 bytes failed: ReadProcessMemory 또는 WriteProcessMemory의 일부 작업만을 마쳤습니다. (0x12B)
[1207/153103.313:ERROR:process_memory_win.cc(73)] ReadMemory at 0x2d8d69c8630 of 62 bytes failed: ReadProcessMemory 또는 WriteProcessMemory의 일부 작업만을 마쳤습니다. (0x12B)
[1207/153103.314:ERROR:process_memory_win.cc(73)] ReadMemory at 0x2d8d69c86d0 of 62 bytes failed: ReadProcessMemory 또는 WriteProcessMemory의 일부 작업만을 마쳤습니다. (0x12B)
[1207/153103.314:ERROR:process_memory_win.cc(73)] ReadMemory at 0x2d8d69c8720 of 62 bytes failed: ReadProcessMemory 또는 WriteProcessMemory의 일부 작업만을 마쳤습니다. (0x12B)
[1207/153103.314:ERROR:process_memory_win.cc(73)] ReadMemory at 0x2d8d69c8770 of 60 bytes failed: ReadProcessMemory 또는 WriteProcessMemory의 일부 작업만을 마쳤습니다. (0x12B)
[1207/153103.314:ERROR:process_memory_win.cc(73)] ReadMemory at 0x2d8d69c87c0 of 64 bytes failed: ReadProcessMemory 또는 WriteProcessMemory의 일부 작업만을 마쳤습니다. (0x12B)
[1207/153103.314:ERROR:process_memory_win.cc(73)] ReadMemory at 0x2d8d69c8810 of 60 bytes failed: ReadProcessMemory 또는 WriteProcessMemory의 일부 작업만을 마쳤습니다. (0x12B)
[1207/153103.314:ERROR:process_memory_win.cc(73)] ReadMemory at 0x2d8d69c8860 of 64 bytes failed: ReadProcessMemory 또는 WriteProcessMemory의 일부 작업만을 마쳤습니다. (0x12B)
[1207/153103.314:ERROR:process_memory_win.cc(73)] ReadMemory at 0x2d8d69c8900 of 60 bytes failed: ReadProcessMemory 또는 WriteProcessMemory의 일부 작업만을 마쳤습니다. (0x12B)
[1207/153103.314:ERROR:process_memory_win.cc(73)] ReadMemory at 0x2d8d69c89f0 of 64 bytes failed: ReadProcessMemory 또는 WriteProcessMemory의 일부 작업만을 마쳤습니다. (0x12B)
[1207/153103.314:ERROR:process_memory_win.cc(73)] ReadMemory at 0x2d8d69c8a90 of 60 bytes failed: ReadProcessMemory 또는 WriteProcessMemory의 일부 작업만을 마쳤습니다. (0x12B)
[1207/153103.314:ERROR:process_memory_win.cc(73)] ReadMemory at 0x2d8d69c8ae0 of 60 bytes failed: ReadProcessMemory 또는 WriteProcessMemory의 일부 작업만을 마쳤습니다. (0x12B)
[1207/153103.314:ERROR:process_memory_win.cc(73)] ReadMemory at 0x2d8d69c8b80 of 62 bytes failed: ReadProcessMemory 또는 WriteProcessMemory의 일부 작업만을 마쳤습니다. (0x12B)
[1207/153103.315:ERROR:process_memory_win.cc(73)] ReadMemory at 0x2d8d69ca0e0 of 132 bytes failed: ReadProcessMemory 또는 WriteProcessMemory의 일부 작업만을 마쳤습니다. (0x12B)
[1207/153103.315:ERROR:process_memory_win.cc(73)] ReadMemory at 0x2d8d69ca400 of 132 bytes failed: ReadProcessMemory 또는 WriteProcessMemory의 일부 작업만을 마쳤습니다. (0x12B)
[1207/153103.315:ERROR:process_memory_win.cc(73)] ReadMemory at 0x2d8d69cf960 of 132 bytes failed: ReadProcessMemory 또는 WriteProcessMemory의 일부 작업만을 마쳤습니다. (0x12B)
[1207/153103.315:ERROR:process_memory_win.cc(73)] ReadMemory at 0x2d8d69cfcc0 of 132 bytes failed: ReadProcessMemory 또는 WriteProcessMemory의 일부 작업만을 마쳤습니다. (0x12B)
[1207/153103.315:ERROR:process_memory_win.cc(73)] ReadMemory at 0x2d8d69d0940 of 132 bytes failed: ReadProcessMemory 또는 WriteProcessMemory의 일부 작업만을 마쳤습니다. (0x12B)
[1207/153103.315:ERROR:process_memory_win.cc(73)] ReadMemory at 0x2d8d69d1520 of 132 bytes failed: ReadProcessMemory 또는 WriteProcessMemory의 일부 작업만을 마쳤습니다. (0x12B)
[1207/153103.315:ERROR:process_memory_win.cc(73)] ReadMemory at 0x2d8d69d1650 of 132 bytes failed: ReadProcessMemory 또는 WriteProcessMemory의 일부 작업만을 마쳤습니다. (0x12B)
[1207/153103.315:ERROR:process_memory_win.cc(73)] ReadMemory at 0x2d8d69d18b0 of 132 bytes failed: ReadProcessMemory 또는 WriteProcessMemory의 일부 작업만을 마쳤습니다. (0x12B)
[1207/153103.315:ERROR:process_memory_win.cc(73)] ReadMemory at 0x2d8d69d19e0 of 132 bytes failed: ReadProcessMemory 또는 WriteProcessMemory의 일부 작업만을 마쳤습니다. (0x12B)
[1207/153103.315:ERROR:process_memory_win.cc(73)] ReadMemory at 0x2d8d69d1b10 of 132 bytes failed: ReadProcessMemory 또는 WriteProcessMemory의 일부 작업만을 마쳤습니다. (0x12B)
[1207/153103.315:ERROR:process_memory_win.cc(73)] ReadMemory at 0x2d8d69d1c40 of 132 bytes failed: ReadProcessMemory 또는 WriteProcessMemory의 일부 작업만을 마쳤습니다. (0x12B)
[1207/153103.315:ERROR:process_memory_win.cc(73)] ReadMemory at 0x2d8d69d1d70 of 132 bytes failed: ReadProcessMemory 또는 WriteProcessMemory의 일부 작업만을 마쳤습니다. (0x12B)
[1207/153103.316:ERROR:process_memory_win.cc(73)] ReadMemory at 0x2d8d69d2100 of 132 bytes failed: ReadProcessMemory 또는 WriteProcessMemory의 일부 작업만을 마쳤습니다. (0x12B)
[1207/153103.316:ERROR:process_memory_win.cc(73)] ReadMemory at 0x2d8d69d2490 of 132 bytes failed: ReadProcessMemory 또는 WriteProcessMemory의 일부 작업만을 마쳤습니다. (0x12B)
[1207/153103.316:ERROR:process_memory_win.cc(73)] ReadMemory at 0x2d8d6a132f0 of 512 bytes failed: ReadProcessMemory 또는 WriteProcessMemory의 일부 작업만을 마쳤습니다. (0x12B)
[1207/153103.316:ERROR:process_memory_win.cc(73)] ReadMemory at 0x2d8d6a1c060 of 1328 bytes failed: ReadProcessMemory 또는 WriteProcessMemory의 일부 작업만을 마쳤습니다. (0x12B)
[1207/153103.316:ERROR:process_memory_win.cc(73)] ReadMemory at 0x2d8d6a1c610 of 512 bytes failed: ReadProcessMemory 또는 WriteProcessMemory의 일부 작업만을 마쳤습니다. (0x12B)
[1207/153103.316:ERROR:process_memory_win.cc(73)] ReadMemory at 0x2d8d6a48e70 of 512 bytes failed: ReadProcessMemory 또는 WriteProcessMemory의 일부 작업만을 마쳤습니다. (0x12B)
[1207/153103.316:ERROR:process_memory_win.cc(73)] ReadMemory at 0x2d8d6a51330 of 512 bytes failed: ReadProcessMemory 또는 WriteProcessMemory의 일부 작업만을 마쳤습니다. (0x12B)
[1207/153103.316:ERROR:process_memory_win.cc(73)] ReadMemory at 0x2d8d6a641f0 of 712 bytes failed: ReadProcessMemory 또는 WriteProcessMemory의 일부 작업만을 마쳤습니다. (0x12B)
[1207/153103.316:ERROR:process_memory_win.cc(73)] ReadMemory at 0x2d8d6a72aa0 of 512 bytes failed: ReadProcessMemory 또는 WriteProcessMemory의 일부 작업만을 마쳤습니다. (0x12B)
[1207/153103.316:ERROR:process_memory_win.cc(73)] ReadMemory at 0x2d8d6a775e0 of 512 bytes failed: ReadProcessMemory 또는 WriteProcessMemory의 일부 작업만을 마쳤습니다. (0x12B)
[1207/153103.317:ERROR:process_memory_win.cc(73)] ReadMemory at 0x2d8d6a89ec0 of 512 bytes failed: ReadProcessMemory 또는 WriteProcessMemory의 일부 작업만을 마쳤습니다. (0x12B)
[1207/153103.317:ERROR:process_memory_win.cc(73)] ReadMemory at 0x2d8d6a8a2c0 of 512 bytes failed: ReadProcessMemory 또는 WriteProcessMemory의 일부 작업만을 마쳤습니다. (0x12B)
[1207/153103.317:ERROR:process_memory_win.cc(73)] ReadMemory at 0x2d8d6a8f6c6 of 652 bytes failed: ReadProcessMemory 또는 WriteProcessMemory의 일부 작업만을 마쳤습니다. (0x12B)
[1207/153103.317:ERROR:process_memory_win.cc(73)] ReadMemory at 0x2d8d6bc0c40 of 512 bytes failed: ReadProcessMemory 또는 WriteProcessMemory의 일부 작업만을 마쳤습니다. (0x12B)
[1207/153103.317:ERROR:process_memory_win.cc(73)] ReadMemory at 0x2d8d6bc4180 of 512 bytes failed: ReadProcessMemory 또는 WriteProcessMemory의 일부 작업만을 마쳤습니다. (0x12B)
[1207/153103.317:ERROR:process_memory_win.cc(73)] ReadMemory at 0x2d8d8420000 of 384 bytes failed: ReadProcessMemory 또는 WriteProcessMemory의 일부 작업만을 마쳤습니다. (0x12B)
[1207/153103.317:ERROR:process_memory_win.cc(73)] ReadMemory at 0x2d8d8423326 of 752 bytes failed: ReadProcessMemory 또는 WriteProcessMemory의 일부 작업만을 마쳤습니다. (0x12B)
[1207/153103.317:ERROR:process_memory_win.cc(73)] ReadMemory at 0x2d8d845d398 of 512 bytes failed: ReadProcessMemory 또는 WriteProcessMemory의 일부 작업만을 마쳤습니다. (0x12B)
[1207/153103.317:ERROR:process_memory_win.cc(73)] ReadMemory at 0x2d8d845e7d8 of 512 bytes failed: ReadProcessMemory 또는 WriteProcessMemory의 일부 작업만을 마쳤습니다. (0x12B)
[1207/153103.317:ERROR:process_memory_win.cc(73)] ReadMemory at 0x2d8d845ec58 of 512 bytes failed: ReadProcessMemory 또는 WriteProcessMemory의 일부 작업만을 마쳤습니다. (0x12B)
[1207/153103.317:ERROR:process_memory_win.cc(73)] ReadMemory at 0x2d8d845ef28 of 512 bytes failed: ReadProcessMemory 또는 WriteProcessMemory의 일부 작업만을 마쳤습니다. (0x12B)
[1207/153103.318:ERROR:process_memory_win.cc(73)] ReadMemory at 0x2d8d845f1f8 of 512 bytes failed: ReadProcessMemory 또는 WriteProcessMemory의 일부 작업만을 마쳤습니다. (0x12B)
[1207/153103.318:ERROR:process_memory_win.cc(73)] ReadMemory at 0x2d8d847d1b0 of 512 bytes failed: ReadProcessMemory 또는 WriteProcessMemory의 일부 작업만을 마쳤습니다. (0x12B)
[1207/153103.318:ERROR:process_memory_win.cc(73)] ReadMemory at 0x2d8d886ba40 of 512 bytes failed: ReadProcessMemory 또는 WriteProcessMemory의 일부 작업만을 마쳤습니다. (0x12B)
[1207/153103.318:ERROR:process_memory_win.cc(73)] ReadMemory at 0x55fbf0b1188 of 512 bytes failed: ReadProcessMemory 또는 WriteProcessMemory의 일부 작업만을 마쳤습니다. (0x12B)
[1207/153103.318:ERROR:process_memory_win.cc(73)] ReadMemory at 0x7fff01d93fc0 of 512 bytes failed: ReadProcessMemory 또는 WriteProcessMemory의 일부 작업만을 마쳤습니다. (0x12B)
[1207/153103.318:ERROR:process_memory_win.cc(73)] ReadMemory at 0x7fff020ecace of 512 bytes failed: ReadProcessMemory 또는 WriteProcessMemory의 일부 작업만을 마쳤습니다. (0x12B)
[1207/153103.318:ERROR:process_memory_win.cc(73)] ReadMemory at 0x7fff03a6e9f3 of 512 bytes failed: ReadProcessMemory 또는 WriteProcessMemory의 일부 작업만을 마쳤습니다. (0x12B)
[1207/153103.318:ERROR:process_memory_win.cc(73)] ReadMemory at 0x7fff085ac558 of 512 bytes failed: ReadProcessMemory 또는 WriteProcessMemory의 일부 작업만을 마쳤습니다. (0x12B)
[1207/153103.318:ERROR:process_memory_win.cc(73)] ReadMemory at 0x7fff08895228 of 512 bytes failed: ReadProcessMemory 또는 WriteProcessMemory의 일부 작업만을 마쳤습니다. (0x12B)
[1207/153103.318:ERROR:process_memory_win.cc(73)] ReadMemory at 0x7fff4ce51fd0 of 512 bytes failed: ReadProcessMemory 또는 WriteProcessMemory의 일부 작업만을 마쳤습니다. (0x12B)
[1207/153103.319:ERROR:process_memory_win.cc(73)] ReadMemory at 0x7fff4ee1c6f4 of 672 bytes failed: ReadProcessMemory 또는 WriteProcessMemory의 일부 작업만을 마쳤습니다. (0x12B)
[1207/153103.319:ERROR:process_memory_win.cc(73)] ReadMemory at 0x7fff4ee1ccf4 of 512 bytes failed: ReadProcessMemory 또는 WriteProcessMemory의 일부 작업만을 마쳤습니다. (0x12B)
[1207/153103.319:ERROR:process_memory_win.cc(73)] ReadMemory at 0x7fff4ee1ffa4 of 608 bytes failed: ReadProcessMemory 또는 WriteProcessMemory의 일부 작업만을 마쳤습니다. (0x12B)
[1207/153103.319:ERROR:process_memory_win.cc(73)] ReadMemory at 0x7fff4eeac428 of 18 bytes failed: ReadProcessMemory 또는 WriteProcessMemory의 일부 작업만을 마쳤습니다. (0x12B)
[1207/153103.319:ERROR:process_memory_win.cc(73)] ReadMemory at 0x7fff4eedf4f8 of 40 bytes failed: ReadProcessMemory 또는 WriteProcessMemory의 일부 작업만을 마쳤습니다. (0x12B)
[1207/153103.319:ERROR:process_memory_win.cc(73)] ReadMemory at 0x7fff4eedf978 of 48 bytes failed: ReadProcessMemory 또는 WriteProcessMemory의 일부 작업만을 마쳤습니다. (0x12B)
[1207/153103.319:ERROR:process_memory_win.cc(73)] ReadMemory at 0x7fff4eee53c0 of 64 bytes failed: ReadProcessMemory 또는 WriteProcessMemory의 일부 작업만을 마쳤습니다. (0x12B)
[1207/153103.321:ERROR:scoped_process_suspend.cc(40)] NtResumeProcess: 기존 프로세스에 액세스하려고 했습니다. (0xc000010a)
[1207/164004.470:ERROR:directory_reader_win.cc(43)] FindFirstFile: 지정된 경로를 찾을 수 없습니다. (0x3)
[1207/181126.044:ERROR:directory_reader_win.cc(43)] FindFirstFile: 지정된 경로를 찾을 수 없습니다. (0x3)
